        -:    0:Source:/mnt/d/oop/lab03/sort.c
        -:    0:Graph:/mnt/d/oop/lab03/cmake-build-debug-coverage/CMakeFiles/lab03.dir/sort.c.gcno
        -:    0:Data:/mnt/d/oop/lab03/cmake-build-debug-coverage/CMakeFiles/lab03.dir/sort.c.gcda
        -:    0:Runs:1
        -:    1://
        -:    2:// Created by raulo on 3/22/2024.
        -:    3://
        -:    4:#include "sort.h"
        -:    5:
function sortare called 1 returned 100% blocks executed 100%
        1:    6:Repo* sortare(Repo *tmp_storage, functie_cmp functie) {
        2:    7:    for(int i = 0; i < get_nr_cheltuieli(tmp_storage) - 1; i++) {
        1:    7-block  0
        1:    7-block  1
        2:    7-block  2
call    0 returned 2
branch  1 taken 1
branch  2 taken 1 (fallthrough)
        2:    8:        for(int j = i + 1; j < get_nr_cheltuieli(tmp_storage); j++) {
        1:    8-block  0
        1:    8-block  1
        2:    8-block  2
call    0 returned 2
branch  1 taken 1
branch  2 taken 1 (fallthrough)
        1:    9:            cheltuiala* chelt_i = get_cheltuiala_by_id(tmp_storage, i);
        1:    9-block  0
call    0 returned 1
        1:   10:            cheltuiala* chelt_j = get_cheltuiala_by_id(tmp_storage, j);
call    0 returned 1
        -:   11:
        1:   12:            if(functie(chelt_i, chelt_j)) {
call    0 returned 1
branch  1 taken 1 (fallthrough)
branch  2 taken 0
        1:   13:                tmp_storage = set_cheltuiala_pe_pozitie(tmp_storage, chelt_j, i);
        1:   13-block  0
call    0 returned 1
        1:   14:                tmp_storage = set_cheltuiala_pe_pozitie(tmp_storage, chelt_i, j);
call    0 returned 1
        -:   15:            }
        -:   16:        }
        -:   17:    }
        -:   18:
        1:   19:    return tmp_storage;
        1:   19-block  0
        -:   20:}
        -:   21:
function run_sort_test called 1 returned 100% blocks executed 77%
        1:   22:void run_sort_test() {
        1:   23:    Repo* storage = creeaza_repository();
        1:   23-block  0
call    0 returned 1
        -:   24:
        1:   25:    char *tip = (char*)malloc(sizeof(char) * 32);
        1:   26:    strcpy(tip, "internet");
        1:   27:    storage = adauga_o_noua_cheltuiala(storage, 0, 12, 360, tip);
call    0 returned 1
        -:   28:
        1:   29:    char *tip2 = (char*)malloc(sizeof(char) * 32);
        1:   30:    strcpy(tip2, "apa");
        1:   31:    storage = adauga_o_noua_cheltuiala(storage, 1, 13, 250, tip2);
call    0 returned 1
        -:   32:
        1:   33:    storage = sortare(storage, comparare_suma_mai_mare);
call    0 returned 1
        -:   34:
        1:   35:    cheltuiala* chelt1 = get_cheltuiala_by_id(storage, 0);
call    0 returned 1
       1*:   36:    assert(get_id_cheltuiala(chelt1) == 1);
call    0 returned 1
branch  1 taken 0 (fallthrough)
branch  2 taken 1
    %%%%%:   36-block  0
call    3 never executed
       1*:   37:    assert(get_numar_apartament(chelt1) == 13);
        1:   37-block  0
call    0 returned 1
branch  1 taken 0 (fallthrough)
branch  2 taken 1
    %%%%%:   37-block  1
call    3 never executed
       1*:   38:    assert(get_suma_cheltuiala(chelt1) == 250);
        1:   38-block  0
call    0 returned 1
branch  1 taken 0 (fallthrough)
branch  2 taken 1
    %%%%%:   38-block  1
call    3 never executed
        -:   39:
        1:   40:    cheltuiala* chelt2 = get_cheltuiala_by_id(storage, 1);
        1:   40-block  0
call    0 returned 1
       1*:   41:    assert(get_id_cheltuiala(chelt2) == 0);
call    0 returned 1
branch  1 taken 0 (fallthrough)
branch  2 taken 1
    %%%%%:   41-block  0
call    3 never executed
       1*:   42:    assert(get_numar_apartament(chelt2) == 12);
        1:   42-block  0
call    0 returned 1
branch  1 taken 0 (fallthrough)
branch  2 taken 1
    %%%%%:   42-block  1
call    3 never executed
       1*:   43:    assert(get_suma_cheltuiala(chelt2) == 360);
        1:   43-block  0
call    0 returned 1
branch  1 taken 0 (fallthrough)
branch  2 taken 1
    %%%%%:   43-block  1
call    3 never executed
        -:   44:
        -:   45:    //destroy_cheltuiala(chelt1);
        -:   46:    //destroy_cheltuiala(chelt2);
        -:   47:
        1:   48:    destroy_repository(storage);
        1:   48-block  0
call    0 returned 1
        1:   49:}
